\BOOKMARK [1][-]{section.1}{Introduction}{}% 1
\BOOKMARK [2][-]{subsection.1.1}{Background}{section.1}% 2
\BOOKMARK [2][-]{subsection.1.2}{Problem for discussion}{section.1}% 3
\BOOKMARK [2][-]{subsection.1.3}{Formulations of objectives}{section.1}% 4
\BOOKMARK [2][-]{subsection.1.4}{Project specification }{section.1}% 5
\BOOKMARK [3][-]{subsubsection.1.4.1}{Where Serit is now}{subsection.1.4}% 6
\BOOKMARK [3][-]{subsubsection.1.4.2}{What Serit wants}{subsection.1.4}% 7
\BOOKMARK [3][-]{subsubsection.1.4.3}{Method of translation}{subsection.1.4}% 8
\BOOKMARK [1][-]{section.2}{F\043 programming language}{}% 9
\BOOKMARK [1][-]{section.3}{Imperative and functional programming}{}% 10
\BOOKMARK [1][-]{section.4}{Project specification}{}% 11
\BOOKMARK [1][-]{section.5}{sTranslate}{}% 12
\BOOKMARK [2][-]{subsection.5.1}{How it works}{section.5}% 13
\BOOKMARK [3][-]{subsubsection.5.1.1}{Inputs}{subsection.5.1}% 14
\BOOKMARK [2][-]{subsection.5.2}{Solution}{section.5}% 15
\BOOKMARK [3][-]{subsubsection.5.2.1}{Direct translation}{subsection.5.2}% 16
\BOOKMARK [3][-]{subsubsection.5.2.2}{Functional approach}{subsection.5.2}% 17
\BOOKMARK [2][-]{subsection.5.3}{Analysis}{section.5}% 18
\BOOKMARK [1][-]{section.6}{Complete analysis}{}% 19
\BOOKMARK [2][-]{subsection.6.1}{Development time}{section.6}% 20
\BOOKMARK [2][-]{subsection.6.2}{Readability and clarity}{section.6}% 21
\BOOKMARK [2][-]{subsection.6.3}{Debugging and error handling}{section.6}% 22
\BOOKMARK [2][-]{subsection.6.4}{Performance}{section.6}% 23
\BOOKMARK [1][-]{section.7}{Conclusion}{}% 24
\BOOKMARK [1][-]{section.8}{Reference list}{}% 25
\BOOKMARK [1][-]{section.9}{Attachments}{}% 26
